mode: set
github.com/praetorian-inc/aurelian/pkg/modules/aws/recon/account_auth_details.go:11.13,13.2 1 1
github.com/praetorian-inc/aurelian/pkg/modules/aws/recon/account_auth_details_v2.go:25.74,30.2 1 1
github.com/praetorian-inc/aurelian/pkg/modules/aws/recon/account_auth_details_v2.go:34.111,38.16 3 0
github.com/praetorian-inc/aurelian/pkg/modules/aws/recon/account_auth_details_v2.go:38.16,40.3 1 0
github.com/praetorian-inc/aurelian/pkg/modules/aws/recon/account_auth_details_v2.go:43.2,54.31 5 0
github.com/praetorian-inc/aurelian/pkg/modules/aws/recon/account_auth_details_v2.go:54.31,56.10 1 0
github.com/praetorian-inc/aurelian/pkg/modules/aws/recon/account_auth_details_v2.go:57.21,58.25 1 0
github.com/praetorian-inc/aurelian/pkg/modules/aws/recon/account_auth_details_v2.go:59.11,59.11 0 0
github.com/praetorian-inc/aurelian/pkg/modules/aws/recon/account_auth_details_v2.go:62.3,63.17 2 0
github.com/praetorian-inc/aurelian/pkg/modules/aws/recon/account_auth_details_v2.go:63.17,65.4 1 0
github.com/praetorian-inc/aurelian/pkg/modules/aws/recon/account_auth_details_v2.go:67.3,67.28 1 0
github.com/praetorian-inc/aurelian/pkg/modules/aws/recon/account_auth_details_v2.go:67.28,69.4 1 0
github.com/praetorian-inc/aurelian/pkg/modules/aws/recon/account_auth_details_v2.go:69.9,75.4 4 0
github.com/praetorian-inc/aurelian/pkg/modules/aws/recon/account_auth_details_v2.go:79.2,80.28 2 0
github.com/praetorian-inc/aurelian/pkg/modules/aws/recon/account_auth_details_v2.go:85.100,88.16 2 0
github.com/praetorian-inc/aurelian/pkg/modules/aws/recon/account_auth_details_v2.go:88.16,90.3 1 0
github.com/praetorian-inc/aurelian/pkg/modules/aws/recon/account_auth_details_v2.go:93.2,94.16 2 0
github.com/praetorian-inc/aurelian/pkg/modules/aws/recon/account_auth_details_v2.go:94.16,96.3 1 0
github.com/praetorian-inc/aurelian/pkg/modules/aws/recon/account_auth_details_v2.go:99.2,100.16 2 0
github.com/praetorian-inc/aurelian/pkg/modules/aws/recon/account_auth_details_v2.go:100.16,102.3 1 0
github.com/praetorian-inc/aurelian/pkg/modules/aws/recon/account_auth_details_v2.go:105.2,106.61 2 0
github.com/praetorian-inc/aurelian/pkg/modules/aws/recon/account_auth_details_v2.go:106.61,108.3 1 0
github.com/praetorian-inc/aurelian/pkg/modules/aws/recon/account_auth_details_v2.go:111.2,111.20 1 0
github.com/praetorian-inc/aurelian/pkg/modules/aws/recon/account_auth_details_v2.go:115.73,124.2 1 0
github.com/praetorian-inc/aurelian/pkg/modules/aws/recon/account_auth_details_v2.go:127.63,130.56 2 1
github.com/praetorian-inc/aurelian/pkg/modules/aws/recon/account_auth_details_v2.go:130.56,132.3 1 1
github.com/praetorian-inc/aurelian/pkg/modules/aws/recon/account_auth_details_v2.go:135.2,139.16 3 1
github.com/praetorian-inc/aurelian/pkg/modules/aws/recon/account_auth_details_v2.go:139.16,141.3 1 0
github.com/praetorian-inc/aurelian/pkg/modules/aws/recon/account_auth_details_v2.go:143.2,143.20 1 1
github.com/praetorian-inc/aurelian/pkg/modules/aws/recon/account_auth_details_v2.go:147.56,148.25 1 1
github.com/praetorian-inc/aurelian/pkg/modules/aws/recon/account_auth_details_v2.go:149.30,151.29 1 1
github.com/praetorian-inc/aurelian/pkg/modules/aws/recon/account_auth_details_v2.go:151.29,152.70 1 1
github.com/praetorian-inc/aurelian/pkg/modules/aws/recon/account_auth_details_v2.go:152.70,155.19 2 1
github.com/praetorian-inc/aurelian/pkg/modules/aws/recon/account_auth_details_v2.go:155.19,158.69 2 1
github.com/praetorian-inc/aurelian/pkg/modules/aws/recon/account_auth_details_v2.go:158.69,160.15 2 1
github.com/praetorian-inc/aurelian/pkg/modules/aws/recon/account_auth_details_v2.go:165.4,165.42 1 1
github.com/praetorian-inc/aurelian/pkg/modules/aws/recon/account_auth_details_v2.go:167.3,167.13 1 1
github.com/praetorian-inc/aurelian/pkg/modules/aws/recon/account_auth_details_v2.go:169.21,171.28 1 1
github.com/praetorian-inc/aurelian/pkg/modules/aws/recon/account_auth_details_v2.go:171.28,173.4 1 1
github.com/praetorian-inc/aurelian/pkg/modules/aws/recon/account_auth_details_v2.go:174.3,174.13 1 1
github.com/praetorian-inc/aurelian/pkg/modules/aws/recon/account_auth_details_v2.go:176.10,178.11 1 1
github.com/praetorian-inc/aurelian/pkg/modules/aws/recon/apollo.go:12.13,15.2 1 1
github.com/praetorian-inc/aurelian/pkg/modules/aws/recon/apollo_offline.go:11.13,13.2 1 1
github.com/praetorian-inc/aurelian/pkg/modules/aws/recon/apollo_offline_v2.go:35.59,39.2 1 1
github.com/praetorian-inc/aurelian/pkg/modules/aws/recon/apollo_offline_v2.go:42.75,45.2 2 1
github.com/praetorian-inc/aurelian/pkg/modules/aws/recon/apollo_offline_v2.go:48.82,51.2 2 1
github.com/praetorian-inc/aurelian/pkg/modules/aws/recon/apollo_offline_v2.go:55.82,58.16 2 1
github.com/praetorian-inc/aurelian/pkg/modules/aws/recon/apollo_offline_v2.go:58.16,60.3 1 0
github.com/praetorian-inc/aurelian/pkg/modules/aws/recon/apollo_offline_v2.go:63.2,64.16 2 1
github.com/praetorian-inc/aurelian/pkg/modules/aws/recon/apollo_offline_v2.go:64.16,66.3 1 1
github.com/praetorian-inc/aurelian/pkg/modules/aws/recon/apollo_offline_v2.go:69.2,70.16 2 1
github.com/praetorian-inc/aurelian/pkg/modules/aws/recon/apollo_offline_v2.go:70.16,72.3 1 0
github.com/praetorian-inc/aurelian/pkg/modules/aws/recon/apollo_offline_v2.go:75.2,86.16 5 1
github.com/praetorian-inc/aurelian/pkg/modules/aws/recon/apollo_offline_v2.go:86.16,88.3 1 0
github.com/praetorian-inc/aurelian/pkg/modules/aws/recon/apollo_offline_v2.go:91.2,92.42 2 1
github.com/praetorian-inc/aurelian/pkg/modules/aws/recon/apollo_offline_v2.go:92.42,94.17 2 0
github.com/praetorian-inc/aurelian/pkg/modules/aws/recon/apollo_offline_v2.go:94.17,96.12 2 0
github.com/praetorian-inc/aurelian/pkg/modules/aws/recon/apollo_offline_v2.go:98.3,98.56 1 0
github.com/praetorian-inc/aurelian/pkg/modules/aws/recon/apollo_offline_v2.go:102.2,103.16 2 1
github.com/praetorian-inc/aurelian/pkg/modules/aws/recon/apollo_offline_v2.go:103.16,105.3 1 0
github.com/praetorian-inc/aurelian/pkg/modules/aws/recon/apollo_offline_v2.go:106.2,110.20 3 1
github.com/praetorian-inc/aurelian/pkg/modules/aws/recon/apollo_offline_v2.go:114.79,115.27 1 1
github.com/praetorian-inc/aurelian/pkg/modules/aws/recon/apollo_offline_v2.go:115.27,118.3 2 1
github.com/praetorian-inc/aurelian/pkg/modules/aws/recon/apollo_offline_v2.go:120.2,121.16 2 1
github.com/praetorian-inc/aurelian/pkg/modules/aws/recon/apollo_offline_v2.go:121.16,123.3 1 1
github.com/praetorian-inc/aurelian/pkg/modules/aws/recon/apollo_offline_v2.go:126.2,127.69 2 1
github.com/praetorian-inc/aurelian/pkg/modules/aws/recon/apollo_offline_v2.go:127.69,128.32 1 1
github.com/praetorian-inc/aurelian/pkg/modules/aws/recon/apollo_offline_v2.go:128.32,130.4 1 1
github.com/praetorian-inc/aurelian/pkg/modules/aws/recon/apollo_offline_v2.go:131.3,132.50 2 1
github.com/praetorian-inc/aurelian/pkg/modules/aws/recon/apollo_offline_v2.go:136.2,137.55 2 1
github.com/praetorian-inc/aurelian/pkg/modules/aws/recon/apollo_offline_v2.go:137.55,139.3 1 0
github.com/praetorian-inc/aurelian/pkg/modules/aws/recon/apollo_offline_v2.go:141.2,141.16 1 1
github.com/praetorian-inc/aurelian/pkg/modules/aws/recon/apollo_offline_v2.go:145.59,146.22 1 1
github.com/praetorian-inc/aurelian/pkg/modules/aws/recon/apollo_offline_v2.go:146.22,148.3 1 1
github.com/praetorian-inc/aurelian/pkg/modules/aws/recon/apollo_offline_v2.go:150.2,151.16 2 1
github.com/praetorian-inc/aurelian/pkg/modules/aws/recon/apollo_offline_v2.go:151.16,153.3 1 1
github.com/praetorian-inc/aurelian/pkg/modules/aws/recon/apollo_offline_v2.go:156.2,157.62 2 1
github.com/praetorian-inc/aurelian/pkg/modules/aws/recon/apollo_offline_v2.go:157.62,158.25 1 1
github.com/praetorian-inc/aurelian/pkg/modules/aws/recon/apollo_offline_v2.go:158.25,160.4 1 1
github.com/praetorian-inc/aurelian/pkg/modules/aws/recon/apollo_offline_v2.go:161.3,161.76 1 1
github.com/praetorian-inc/aurelian/pkg/modules/aws/recon/apollo_offline_v2.go:165.2,166.57 2 1
github.com/praetorian-inc/aurelian/pkg/modules/aws/recon/apollo_offline_v2.go:166.57,168.3 1 1
github.com/praetorian-inc/aurelian/pkg/modules/aws/recon/apollo_offline_v2.go:170.2,170.19 1 1
github.com/praetorian-inc/aurelian/pkg/modules/aws/recon/apollo_offline_v2.go:174.84,175.34 1 1
github.com/praetorian-inc/aurelian/pkg/modules/aws/recon/apollo_offline_v2.go:175.34,178.3 2 1
github.com/praetorian-inc/aurelian/pkg/modules/aws/recon/apollo_offline_v2.go:180.2,181.16 2 1
github.com/praetorian-inc/aurelian/pkg/modules/aws/recon/apollo_offline_v2.go:181.16,183.3 1 1
github.com/praetorian-inc/aurelian/pkg/modules/aws/recon/apollo_offline_v2.go:186.2,187.74 2 1
github.com/praetorian-inc/aurelian/pkg/modules/aws/recon/apollo_offline_v2.go:187.74,188.37 1 1
github.com/praetorian-inc/aurelian/pkg/modules/aws/recon/apollo_offline_v2.go:188.37,190.4 1 1
github.com/praetorian-inc/aurelian/pkg/modules/aws/recon/apollo_offline_v2.go:191.3,192.45 2 1
github.com/praetorian-inc/aurelian/pkg/modules/aws/recon/apollo_offline_v2.go:196.2,197.69 2 1
github.com/praetorian-inc/aurelian/pkg/modules/aws/recon/apollo_offline_v2.go:197.69,199.3 1 0
github.com/praetorian-inc/aurelian/pkg/modules/aws/recon/apollo_offline_v2.go:201.2,201.29 1 1
github.com/praetorian-inc/aurelian/pkg/modules/aws/recon/apollo_offline_v2.go:201.29,203.3 1 0
github.com/praetorian-inc/aurelian/pkg/modules/aws/recon/apollo_offline_v2.go:205.2,205.30 1 1
github.com/praetorian-inc/aurelian/pkg/modules/aws/recon/apollo_v2.go:57.62,63.2 1 1
github.com/praetorian-inc/aurelian/pkg/modules/aws/recon/apollo_v2.go:66.44,75.2 1 1
github.com/praetorian-inc/aurelian/pkg/modules/aws/recon/apollo_v2.go:78.61,81.2 2 1
github.com/praetorian-inc/aurelian/pkg/modules/aws/recon/apollo_v2.go:84.64,87.2 2 1
github.com/praetorian-inc/aurelian/pkg/modules/aws/recon/apollo_v2.go:91.68,93.42 1 0
github.com/praetorian-inc/aurelian/pkg/modules/aws/recon/apollo_v2.go:93.42,95.3 1 0
github.com/praetorian-inc/aurelian/pkg/modules/aws/recon/apollo_v2.go:98.2,99.16 2 0
github.com/praetorian-inc/aurelian/pkg/modules/aws/recon/apollo_v2.go:99.16,101.3 1 0
github.com/praetorian-inc/aurelian/pkg/modules/aws/recon/apollo_v2.go:104.2,105.16 2 0
github.com/praetorian-inc/aurelian/pkg/modules/aws/recon/apollo_v2.go:105.16,107.3 1 0
github.com/praetorian-inc/aurelian/pkg/modules/aws/recon/apollo_v2.go:110.2,111.16 2 0
github.com/praetorian-inc/aurelian/pkg/modules/aws/recon/apollo_v2.go:111.16,113.3 1 0
github.com/praetorian-inc/aurelian/pkg/modules/aws/recon/apollo_v2.go:116.2,117.16 2 0
github.com/praetorian-inc/aurelian/pkg/modules/aws/recon/apollo_v2.go:117.16,119.3 1 0
github.com/praetorian-inc/aurelian/pkg/modules/aws/recon/apollo_v2.go:122.2,132.16 4 0
github.com/praetorian-inc/aurelian/pkg/modules/aws/recon/apollo_v2.go:132.16,134.3 1 0
github.com/praetorian-inc/aurelian/pkg/modules/aws/recon/apollo_v2.go:137.2,138.42 2 0
github.com/praetorian-inc/aurelian/pkg/modules/aws/recon/apollo_v2.go:138.42,140.17 2 0
github.com/praetorian-inc/aurelian/pkg/modules/aws/recon/apollo_v2.go:140.17,141.12 1 0
github.com/praetorian-inc/aurelian/pkg/modules/aws/recon/apollo_v2.go:143.3,143.56 1 0
github.com/praetorian-inc/aurelian/pkg/modules/aws/recon/apollo_v2.go:147.2,153.20 4 0
github.com/praetorian-inc/aurelian/pkg/modules/aws/recon/apollo_v2.go:157.58,160.16 2 0
github.com/praetorian-inc/aurelian/pkg/modules/aws/recon/apollo_v2.go:160.16,162.3 1 0
github.com/praetorian-inc/aurelian/pkg/modules/aws/recon/apollo_v2.go:163.2,167.35 3 0
github.com/praetorian-inc/aurelian/pkg/modules/aws/recon/apollo_v2.go:167.35,169.17 2 0
github.com/praetorian-inc/aurelian/pkg/modules/aws/recon/apollo_v2.go:169.17,171.4 1 0
github.com/praetorian-inc/aurelian/pkg/modules/aws/recon/apollo_v2.go:172.3,172.72 1 0
github.com/praetorian-inc/aurelian/pkg/modules/aws/recon/apollo_v2.go:175.2,175.12 1 0
github.com/praetorian-inc/aurelian/pkg/modules/aws/recon/apollo_v2.go:180.72,181.27 1 0
github.com/praetorian-inc/aurelian/pkg/modules/aws/recon/apollo_v2.go:181.27,184.3 2 0
github.com/praetorian-inc/aurelian/pkg/modules/aws/recon/apollo_v2.go:186.2,187.16 2 0
github.com/praetorian-inc/aurelian/pkg/modules/aws/recon/apollo_v2.go:187.16,189.3 1 0
github.com/praetorian-inc/aurelian/pkg/modules/aws/recon/apollo_v2.go:192.2,193.69 2 0
github.com/praetorian-inc/aurelian/pkg/modules/aws/recon/apollo_v2.go:193.69,194.32 1 0
github.com/praetorian-inc/aurelian/pkg/modules/aws/recon/apollo_v2.go:194.32,196.4 1 0
github.com/praetorian-inc/aurelian/pkg/modules/aws/recon/apollo_v2.go:196.9,199.4 2 0
github.com/praetorian-inc/aurelian/pkg/modules/aws/recon/apollo_v2.go:203.2,204.64 2 0
github.com/praetorian-inc/aurelian/pkg/modules/aws/recon/apollo_v2.go:204.64,206.3 1 0
github.com/praetorian-inc/aurelian/pkg/modules/aws/recon/apollo_v2.go:208.2,208.25 1 0
github.com/praetorian-inc/aurelian/pkg/modules/aws/recon/apollo_v2.go:213.122,216.37 2 0
github.com/praetorian-inc/aurelian/pkg/modules/aws/recon/apollo_v2.go:216.37,218.20 2 0
github.com/praetorian-inc/aurelian/pkg/modules/aws/recon/apollo_v2.go:218.20,219.12 1 0
github.com/praetorian-inc/aurelian/pkg/modules/aws/recon/apollo_v2.go:222.3,226.41 3 0
github.com/praetorian-inc/aurelian/pkg/modules/aws/recon/apollo_v2.go:226.41,229.18 2 0
github.com/praetorian-inc/aurelian/pkg/modules/aws/recon/apollo_v2.go:229.18,231.13 2 0
github.com/praetorian-inc/aurelian/pkg/modules/aws/recon/apollo_v2.go:235.4,240.39 3 0
github.com/praetorian-inc/aurelian/pkg/modules/aws/recon/apollo_v2.go:240.39,243.5 2 0
github.com/praetorian-inc/aurelian/pkg/modules/aws/recon/apollo_v2.go:244.9,249.4 2 0
github.com/praetorian-inc/aurelian/pkg/modules/aws/recon/apollo_v2.go:252.3,253.17 2 0
github.com/praetorian-inc/aurelian/pkg/modules/aws/recon/apollo_v2.go:253.17,255.12 2 0
github.com/praetorian-inc/aurelian/pkg/modules/aws/recon/apollo_v2.go:259.3,276.62 3 0
github.com/praetorian-inc/aurelian/pkg/modules/aws/recon/apollo_v2.go:279.2,279.22 1 0
github.com/praetorian-inc/aurelian/pkg/modules/aws/recon/apollo_v2_gaad.go:18.73,37.31 8 1
github.com/praetorian-inc/aurelian/pkg/modules/aws/recon/apollo_v2_gaad.go:37.31,39.10 1 1
github.com/praetorian-inc/aurelian/pkg/modules/aws/recon/apollo_v2_gaad.go:40.21,41.25 1 0
github.com/praetorian-inc/aurelian/pkg/modules/aws/recon/apollo_v2_gaad.go:42.11,42.11 0 1
github.com/praetorian-inc/aurelian/pkg/modules/aws/recon/apollo_v2_gaad.go:45.3,46.17 2 1
github.com/praetorian-inc/aurelian/pkg/modules/aws/recon/apollo_v2_gaad.go:46.17,48.4 1 1
github.com/praetorian-inc/aurelian/pkg/modules/aws/recon/apollo_v2_gaad.go:50.3,50.28 1 0
github.com/praetorian-inc/aurelian/pkg/modules/aws/recon/apollo_v2_gaad.go:50.28,52.4 1 0
github.com/praetorian-inc/aurelian/pkg/modules/aws/recon/apollo_v2_gaad.go:52.9,58.4 4 0
github.com/praetorian-inc/aurelian/pkg/modules/aws/recon/apollo_v2_gaad.go:62.2,63.16 2 0
github.com/praetorian-inc/aurelian/pkg/modules/aws/recon/apollo_v2_gaad.go:63.16,65.3 1 0
github.com/praetorian-inc/aurelian/pkg/modules/aws/recon/apollo_v2_gaad.go:67.2,69.18 2 0
github.com/praetorian-inc/aurelian/pkg/modules/aws/recon/apollo_v2_gaad.go:74.109,77.16 2 0
github.com/praetorian-inc/aurelian/pkg/modules/aws/recon/apollo_v2_gaad.go:77.16,79.3 1 0
github.com/praetorian-inc/aurelian/pkg/modules/aws/recon/apollo_v2_gaad.go:82.2,83.16 2 0
github.com/praetorian-inc/aurelian/pkg/modules/aws/recon/apollo_v2_gaad.go:83.16,85.3 1 0
github.com/praetorian-inc/aurelian/pkg/modules/aws/recon/apollo_v2_gaad.go:88.2,89.59 2 0
github.com/praetorian-inc/aurelian/pkg/modules/aws/recon/apollo_v2_gaad.go:89.59,91.3 1 0
github.com/praetorian-inc/aurelian/pkg/modules/aws/recon/apollo_v2_gaad.go:93.2,93.19 1 0
github.com/praetorian-inc/aurelian/pkg/modules/aws/recon/apollo_v2_gaad.go:99.61,101.56 2 0
github.com/praetorian-inc/aurelian/pkg/modules/aws/recon/apollo_v2_gaad.go:101.56,103.3 1 0
github.com/praetorian-inc/aurelian/pkg/modules/aws/recon/apollo_v2_gaad.go:105.2,106.43 2 0
github.com/praetorian-inc/aurelian/pkg/modules/aws/recon/apollo_v2_gaad.go:106.43,107.26 1 0
github.com/praetorian-inc/aurelian/pkg/modules/aws/recon/apollo_v2_gaad.go:108.31,109.26 1 0
github.com/praetorian-inc/aurelian/pkg/modules/aws/recon/apollo_v2_gaad.go:109.26,110.67 1 0
github.com/praetorian-inc/aurelian/pkg/modules/aws/recon/apollo_v2_gaad.go:110.67,112.20 2 0
github.com/praetorian-inc/aurelian/pkg/modules/aws/recon/apollo_v2_gaad.go:112.20,114.70 2 0
github.com/praetorian-inc/aurelian/pkg/modules/aws/recon/apollo_v2_gaad.go:114.70,116.8 1 0
github.com/praetorian-inc/aurelian/pkg/modules/aws/recon/apollo_v2_gaad.go:118.11,120.6 1 0
github.com/praetorian-inc/aurelian/pkg/modules/aws/recon/apollo_v2_gaad.go:122.4,122.14 1 0
github.com/praetorian-inc/aurelian/pkg/modules/aws/recon/apollo_v2_gaad.go:123.22,124.29 1 0
github.com/praetorian-inc/aurelian/pkg/modules/aws/recon/apollo_v2_gaad.go:124.29,126.5 1 0
github.com/praetorian-inc/aurelian/pkg/modules/aws/recon/apollo_v2_gaad.go:127.4,127.14 1 0
github.com/praetorian-inc/aurelian/pkg/modules/aws/recon/apollo_v2_gaad.go:128.11,129.12 1 0
github.com/praetorian-inc/aurelian/pkg/modules/aws/recon/apollo_v2_gaad.go:133.2,134.31 2 0
github.com/praetorian-inc/aurelian/pkg/modules/aws/recon/apollo_v2_gaad.go:140.57,147.2 1 0
github.com/praetorian-inc/aurelian/pkg/modules/aws/recon/apollo_v2_gaad.go:149.57,156.2 1 0
github.com/praetorian-inc/aurelian/pkg/modules/aws/recon/apollo_v2_gaad.go:158.36,159.14 1 0
github.com/praetorian-inc/aurelian/pkg/modules/aws/recon/apollo_v2_gaad.go:159.14,161.3 1 0
github.com/praetorian-inc/aurelian/pkg/modules/aws/recon/apollo_v2_gaad.go:162.2,162.11 1 0
github.com/praetorian-inc/aurelian/pkg/modules/aws/recon/apollo_v2_policies.go:14.145,22.37 5 1
github.com/praetorian-inc/aurelian/pkg/modules/aws/recon/apollo_v2_policies.go:22.37,25.21 2 0
github.com/praetorian-inc/aurelian/pkg/modules/aws/recon/apollo_v2_policies.go:25.21,27.11 1 0
github.com/praetorian-inc/aurelian/pkg/modules/aws/recon/apollo_v2_policies.go:28.23,29.22 1 0
github.com/praetorian-inc/aurelian/pkg/modules/aws/recon/apollo_v2_policies.go:30.12,30.12 0 0
github.com/praetorian-inc/aurelian/pkg/modules/aws/recon/apollo_v2_policies.go:34.4,35.18 2 0
github.com/praetorian-inc/aurelian/pkg/modules/aws/recon/apollo_v2_policies.go:35.18,38.5 1 0
github.com/praetorian-inc/aurelian/pkg/modules/aws/recon/apollo_v2_policies.go:40.4,40.21 1 0
github.com/praetorian-inc/aurelian/pkg/modules/aws/recon/apollo_v2_policies.go:40.21,44.5 3 0
github.com/praetorian-inc/aurelian/pkg/modules/aws/recon/apollo_v2_policies.go:46.4,46.14 1 0
github.com/praetorian-inc/aurelian/pkg/modules/aws/recon/apollo_v2_policies.go:50.2,50.33 1 1
github.com/praetorian-inc/aurelian/pkg/modules/aws/recon/apollo_v2_policies.go:50.33,52.3 1 0
github.com/praetorian-inc/aurelian/pkg/modules/aws/recon/apollo_v2_policies.go:54.2,54.22 1 1
github.com/praetorian-inc/aurelian/pkg/modules/aws/recon/apollo_v2_policies.go:60.129,70.2 1 0
github.com/praetorian-inc/aurelian/pkg/modules/aws/recon/apollo_v2_resources.go:20.102,28.12 5 1
github.com/praetorian-inc/aurelian/pkg/modules/aws/recon/apollo_v2_resources.go:28.12,30.29 2 1
github.com/praetorian-inc/aurelian/pkg/modules/aws/recon/apollo_v2_resources.go:30.29,32.4 1 0
github.com/praetorian-inc/aurelian/pkg/modules/aws/recon/apollo_v2_resources.go:36.2,40.47 3 1
github.com/praetorian-inc/aurelian/pkg/modules/aws/recon/apollo_v2_resources.go:40.47,41.36 1 1
github.com/praetorian-inc/aurelian/pkg/modules/aws/recon/apollo_v2_resources.go:41.36,44.22 2 1
github.com/praetorian-inc/aurelian/pkg/modules/aws/recon/apollo_v2_resources.go:44.22,46.5 1 1
github.com/praetorian-inc/aurelian/pkg/modules/aws/recon/apollo_v2_resources.go:51.2,51.33 1 1
github.com/praetorian-inc/aurelian/pkg/modules/aws/recon/apollo_v2_resources.go:51.33,55.3 3 1
github.com/praetorian-inc/aurelian/pkg/modules/aws/recon/apollo_v2_resources.go:58.2,61.23 3 0
github.com/praetorian-inc/aurelian/pkg/modules/aws/recon/apollo_v2_resources.go:66.151,68.45 1 1
github.com/praetorian-inc/aurelian/pkg/modules/aws/recon/apollo_v2_resources.go:68.45,71.3 2 0
github.com/praetorian-inc/aurelian/pkg/modules/aws/recon/apollo_v2_resources.go:73.2,77.16 3 1
github.com/praetorian-inc/aurelian/pkg/modules/aws/recon/apollo_v2_resources.go:77.16,79.3 1 1
github.com/praetorian-inc/aurelian/pkg/modules/aws/recon/apollo_v2_resources.go:82.2,83.9 2 0
github.com/praetorian-inc/aurelian/pkg/modules/aws/recon/apollo_v2_resources.go:83.9,85.3 1 0
github.com/praetorian-inc/aurelian/pkg/modules/aws/recon/apollo_v2_resources.go:88.2,93.31 2 0
github.com/praetorian-inc/aurelian/pkg/modules/aws/recon/apollo_v2_resources.go:93.31,95.10 1 0
github.com/praetorian-inc/aurelian/pkg/modules/aws/recon/apollo_v2_resources.go:96.21,97.20 1 0
github.com/praetorian-inc/aurelian/pkg/modules/aws/recon/apollo_v2_resources.go:98.11,98.11 0 0
github.com/praetorian-inc/aurelian/pkg/modules/aws/recon/apollo_v2_resources.go:101.3,102.17 2 0
github.com/praetorian-inc/aurelian/pkg/modules/aws/recon/apollo_v2_resources.go:102.17,104.86 1 0
github.com/praetorian-inc/aurelian/pkg/modules/aws/recon/apollo_v2_resources.go:104.86,106.5 1 0
github.com/praetorian-inc/aurelian/pkg/modules/aws/recon/apollo_v2_resources.go:107.4,107.104 1 0
github.com/praetorian-inc/aurelian/pkg/modules/aws/recon/apollo_v2_resources.go:111.3,111.53 1 0
github.com/praetorian-inc/aurelian/pkg/modules/aws/recon/apollo_v2_resources.go:111.53,115.11 2 0
github.com/praetorian-inc/aurelian/pkg/modules/aws/recon/apollo_v2_resources.go:116.22,117.21 1 0
github.com/praetorian-inc/aurelian/pkg/modules/aws/recon/apollo_v2_resources.go:118.27,118.27 0 0
github.com/praetorian-inc/aurelian/pkg/modules/aws/recon/apollo_v2_resources.go:123.2,123.12 1 0
github.com/praetorian-inc/aurelian/pkg/modules/aws/recon/apollo_v2_resources.go:127.150,129.36 2 0
github.com/praetorian-inc/aurelian/pkg/modules/aws/recon/apollo_v2_resources.go:129.36,131.3 1 0
github.com/praetorian-inc/aurelian/pkg/modules/aws/recon/apollo_v2_resources.go:131.8,133.3 1 0
github.com/praetorian-inc/aurelian/pkg/modules/aws/recon/apollo_v2_resources.go:135.2,143.12 2 0
github.com/praetorian-inc/aurelian/pkg/modules/aws/recon/apollo_v2_resources.go:147.70,149.2 1 1
github.com/praetorian-inc/aurelian/pkg/modules/aws/recon/apollo_v2_resources.go:153.89,164.37 3 0
github.com/praetorian-inc/aurelian/pkg/modules/aws/recon/apollo_v2_resources.go:164.37,165.40 1 0
github.com/praetorian-inc/aurelian/pkg/modules/aws/recon/apollo_v2_resources.go:165.40,168.4 2 0
github.com/praetorian-inc/aurelian/pkg/modules/aws/recon/apollo_v2_resources.go:172.2,172.53 1 0
github.com/praetorian-inc/aurelian/pkg/modules/aws/recon/apollo_v2_resources.go:172.53,175.3 2 0
github.com/praetorian-inc/aurelian/pkg/modules/aws/recon/apollo_v2_resources.go:177.2,177.14 1 0
github.com/praetorian-inc/aurelian/pkg/modules/aws/recon/cdk_bucket_takeover.go:12.13,14.2 1 1
github.com/praetorian-inc/aurelian/pkg/modules/aws/recon/cloudfront_s3_takeover.go:14.13,16.2 1 1
github.com/praetorian-inc/aurelian/pkg/modules/aws/recon/cloudfront_s3_takeover.go:39.46,41.3 1 0
github.com/praetorian-inc/aurelian/pkg/modules/aws/recon/ec2_screenshot_analysis.go:15.13,17.2 1 1
github.com/praetorian-inc/aurelian/pkg/modules/aws/recon/ec2_screenshot_analysis.go:75.76,79.2 1 0
github.com/praetorian-inc/aurelian/pkg/modules/aws/recon/ec2_screenshot_analysis.go:85.45,162.2 1 1
github.com/praetorian-inc/aurelian/pkg/modules/aws/recon/ecr_dump.go:65.65,70.2 1 0
github.com/praetorian-inc/aurelian/pkg/modules/aws/recon/ecr_dump.go:72.13,74.2 1 1
github.com/praetorian-inc/aurelian/pkg/modules/aws/recon/find_secrets.go:17.13,19.2 1 1
github.com/praetorian-inc/aurelian/pkg/modules/aws/recon/find_secrets_resource.go:14.13,16.2 1 1
github.com/praetorian-inc/aurelian/pkg/modules/aws/recon/find_secrets_v2.go:36.78,45.2 1 1
github.com/praetorian-inc/aurelian/pkg/modules/aws/recon/find_secrets_v2.go:49.78,51.42 1 0
github.com/praetorian-inc/aurelian/pkg/modules/aws/recon/find_secrets_v2.go:51.42,53.3 1 0
github.com/praetorian-inc/aurelian/pkg/modules/aws/recon/find_secrets_v2.go:56.2,63.12 6 0
github.com/praetorian-inc/aurelian/pkg/modules/aws/recon/find_secrets_v2.go:63.12,67.3 3 0
github.com/praetorian-inc/aurelian/pkg/modules/aws/recon/find_secrets_v2.go:70.2,73.12 4 0
github.com/praetorian-inc/aurelian/pkg/modules/aws/recon/find_secrets_v2.go:73.12,75.32 2 0
github.com/praetorian-inc/aurelian/pkg/modules/aws/recon/find_secrets_v2.go:75.32,77.4 1 0
github.com/praetorian-inc/aurelian/pkg/modules/aws/recon/find_secrets_v2.go:81.2,100.20 5 0
github.com/praetorian-inc/aurelian/pkg/modules/aws/recon/find_secrets_v2.go:100.20,102.3 1 0
github.com/praetorian-inc/aurelian/pkg/modules/aws/recon/find_secrets_v2.go:103.2,103.20 1 0
github.com/praetorian-inc/aurelian/pkg/modules/aws/recon/find_secrets_v2.go:103.20,105.3 1 0
github.com/praetorian-inc/aurelian/pkg/modules/aws/recon/find_secrets_v2.go:107.2,107.21 1 0
github.com/praetorian-inc/aurelian/pkg/modules/aws/recon/find_secrets_v2.go:112.66,121.2 1 0
github.com/praetorian-inc/aurelian/pkg/modules/aws/recon/find_secrets_v2.go:124.66,129.16 3 0
github.com/praetorian-inc/aurelian/pkg/modules/aws/recon/find_secrets_v2.go:129.16,131.3 1 0
github.com/praetorian-inc/aurelian/pkg/modules/aws/recon/find_secrets_v2.go:132.2,136.35 3 0
github.com/praetorian-inc/aurelian/pkg/modules/aws/recon/find_secrets_v2.go:136.35,138.17 2 0
github.com/praetorian-inc/aurelian/pkg/modules/aws/recon/find_secrets_v2.go:138.17,140.4 1 0
github.com/praetorian-inc/aurelian/pkg/modules/aws/recon/find_secrets_v2.go:141.3,141.72 1 0
github.com/praetorian-inc/aurelian/pkg/modules/aws/recon/find_secrets_v2.go:144.2,144.12 1 0
github.com/praetorian-inc/aurelian/pkg/modules/aws/recon/find_secrets_v2.go:149.128,154.47 3 0
github.com/praetorian-inc/aurelian/pkg/modules/aws/recon/find_secrets_v2.go:154.47,155.36 1 0
github.com/praetorian-inc/aurelian/pkg/modules/aws/recon/find_secrets_v2.go:155.36,157.47 1 0
github.com/praetorian-inc/aurelian/pkg/modules/aws/recon/find_secrets_v2.go:157.47,159.13 2 0
github.com/praetorian-inc/aurelian/pkg/modules/aws/recon/find_secrets_v2.go:162.4,163.31 2 0
github.com/praetorian-inc/aurelian/pkg/modules/aws/recon/find_secrets_v2.go:163.31,165.80 2 0
github.com/praetorian-inc/aurelian/pkg/modules/aws/recon/find_secrets_v2.go:165.80,167.6 1 0
github.com/praetorian-inc/aurelian/pkg/modules/aws/recon/find_secrets_v2.go:173.2,178.25 4 0
github.com/praetorian-inc/aurelian/pkg/modules/aws/recon/find_secrets_v2.go:178.25,180.3 1 0
github.com/praetorian-inc/aurelian/pkg/modules/aws/recon/find_secrets_v2.go:182.2,182.19 1 0
github.com/praetorian-inc/aurelian/pkg/modules/aws/recon/find_secrets_v2.go:182.19,184.3 1 0
github.com/praetorian-inc/aurelian/pkg/modules/aws/recon/find_secrets_v2.go:186.2,186.12 1 0
github.com/praetorian-inc/aurelian/pkg/modules/aws/recon/find_secrets_v2.go:191.160,198.16 4 0
github.com/praetorian-inc/aurelian/pkg/modules/aws/recon/find_secrets_v2.go:198.16,200.3 1 0
github.com/praetorian-inc/aurelian/pkg/modules/aws/recon/find_secrets_v2.go:202.2,203.16 2 0
github.com/praetorian-inc/aurelian/pkg/modules/aws/recon/find_secrets_v2.go:203.16,205.3 1 0
github.com/praetorian-inc/aurelian/pkg/modules/aws/recon/find_secrets_v2.go:208.2,216.31 3 0
github.com/praetorian-inc/aurelian/pkg/modules/aws/recon/find_secrets_v2.go:216.31,218.10 1 0
github.com/praetorian-inc/aurelian/pkg/modules/aws/recon/find_secrets_v2.go:219.21,220.20 1 0
github.com/praetorian-inc/aurelian/pkg/modules/aws/recon/find_secrets_v2.go:221.11,221.11 0 0
github.com/praetorian-inc/aurelian/pkg/modules/aws/recon/find_secrets_v2.go:224.3,225.17 2 0
github.com/praetorian-inc/aurelian/pkg/modules/aws/recon/find_secrets_v2.go:225.17,227.86 1 0
github.com/praetorian-inc/aurelian/pkg/modules/aws/recon/find_secrets_v2.go:227.86,229.5 1 0
github.com/praetorian-inc/aurelian/pkg/modules/aws/recon/find_secrets_v2.go:230.4,230.104 1 0
github.com/praetorian-inc/aurelian/pkg/modules/aws/recon/find_secrets_v2.go:234.3,234.53 1 0
github.com/praetorian-inc/aurelian/pkg/modules/aws/recon/find_secrets_v2.go:234.53,238.11 2 0
github.com/praetorian-inc/aurelian/pkg/modules/aws/recon/find_secrets_v2.go:239.22,240.21 1 0
github.com/praetorian-inc/aurelian/pkg/modules/aws/recon/find_secrets_v2.go:241.27,241.27 0 0
github.com/praetorian-inc/aurelian/pkg/modules/aws/recon/find_secrets_v2.go:246.2,246.12 1 0
github.com/praetorian-inc/aurelian/pkg/modules/aws/recon/find_secrets_v2.go:251.159,253.36 2 0
github.com/praetorian-inc/aurelian/pkg/modules/aws/recon/find_secrets_v2.go:253.36,255.3 1 0
github.com/praetorian-inc/aurelian/pkg/modules/aws/recon/find_secrets_v2.go:255.8,257.3 1 0
github.com/praetorian-inc/aurelian/pkg/modules/aws/recon/find_secrets_v2.go:259.2,267.13 2 0
github.com/praetorian-inc/aurelian/pkg/modules/aws/recon/find_secrets_v2.go:271.78,273.2 1 1
github.com/praetorian-inc/aurelian/pkg/modules/aws/recon/find_secrets_v2.go:277.97,288.37 3 1
github.com/praetorian-inc/aurelian/pkg/modules/aws/recon/find_secrets_v2.go:288.37,289.40 1 1
github.com/praetorian-inc/aurelian/pkg/modules/aws/recon/find_secrets_v2.go:289.40,292.4 2 1
github.com/praetorian-inc/aurelian/pkg/modules/aws/recon/find_secrets_v2.go:296.2,296.53 1 1
github.com/praetorian-inc/aurelian/pkg/modules/aws/recon/find_secrets_v2.go:296.53,299.3 2 1
github.com/praetorian-inc/aurelian/pkg/modules/aws/recon/find_secrets_v2.go:301.2,301.14 1 1
github.com/praetorian-inc/aurelian/pkg/modules/aws/recon/get_console.go:13.13,15.2 1 1
github.com/praetorian-inc/aurelian/pkg/modules/aws/recon/get_orgpolicies.go:11.13,14.2 1 1
github.com/praetorian-inc/aurelian/pkg/modules/aws/recon/list.go:13.13,16.2 2 1
github.com/praetorian-inc/aurelian/pkg/modules/aws/recon/list_all_resources.go:13.13,15.2 1 1
github.com/praetorian-inc/aurelian/pkg/modules/aws/recon/public_resources.go:14.13,16.2 1 1
github.com/praetorian-inc/aurelian/pkg/modules/aws/recon/resource_policies.go:12.13,14.2 1 1
github.com/praetorian-inc/aurelian/pkg/modules/aws/recon/summary.go:51.13,53.2 1 1
github.com/praetorian-inc/aurelian/pkg/modules/aws/recon/whoami.go:11.13,14.2 2 1
